<?xml version="1.0" encoding="UTF-8"?>
<testsuite xmlns:xsi="http://www.w3.org/2001/XMLSchema-instance" xsi:noNamespaceSchemaLocation="https://maven.apache.org/surefire/maven-surefire-plugin/xsd/surefire-test-report-3.0.xsd" version="3.0" name="TestSuite" time="53.468" tests="14" errors="0" skipped="0" failures="2">
  <properties>
[...]
</properties>
  <testcase name="testCase1" classname="com.vyasa.automation.maventesting.DemoTestNG" time="0.007">
    <system-out><![CDATA[BeforeSuitMethod
BeforeTestMethod
Testcase1 Excuted
]]></system-out>
  </testcase>
  <testcase name="testCase2" classname="com.vyasa.automation.maventesting.DemoTestNG" time="0.001">
    <system-out><![CDATA[Testcase2 Excuted
]]></system-out>
  </testcase>
  <testcase name="testCase3" classname="com.vyasa.automation.maventesting.DemoTestNG" time="0.002">
    <system-out><![CDATA[Testcase3 Excuted
]]></system-out>
  </testcase>
  <testcase name="testCase4" classname="com.vyasa.automation.maventesting.DemoTestNG" time="0.001">
    <system-out><![CDATA[Testcase4 Excuted
]]></system-out>
  </testcase>
  <testcase name="openBrowser" classname="com.vyasa.automation.maventesting.TestNGSample" time="12.219">
    <system-err><![CDATA[Starting ChromeDriver 105.0.5195.52 (412c95e518836d8a7d97250d62b29c2ae6a26a85-refs/branch-heads/5195@{#853}) on port 21024
Only local connections are allowed.
Please see https://chromedriver.chromium.org/security-considerations for suggestions on keeping ChromeDriver safe.
ChromeDriver was started successfully.
[1665130363.811][WARNING]: This version of ChromeDriver has not been tested with Chrome version 106.
Oct 07, 2022 1:42:44 PM org.openqa.selenium.remote.ProtocolHandshake createSession
INFO: Detected dialect: W3C
]]></system-err>
  </testcase>
  <testcase name="verifyCartDisplay" classname="com.vyasa.automation.maventesting.TestNGSample" time="0.759">
    <system-out><![CDATA[true
]]></system-out>
  </testcase>
  <testcase name="verifyHomePageLoaded" classname="com.vyasa.automation.maventesting.TestNGSample" time="0.306">
    <failure message="invalid session id&#10;Build info: version: &apos;3.141.59&apos;, revision: &apos;e82be7d358&apos;, time: &apos;2018-11-14T08:17:03&apos;&#10;System info: host: &apos;DESKTOP-S8MO7BS&apos;, ip: &apos;192.168.1.3&apos;, os.name: &apos;Windows 10&apos;, os.arch: &apos;amd64&apos;, os.version: &apos;10.0&apos;, java.version: &apos;17.0.2&apos;&#10;Driver info: org.openqa.selenium.chrome.ChromeDriver&#10;Capabilities {acceptInsecureCerts: false, browserName: chrome, browserVersion: 106.0.5249.103, chrome: {chromedriverVersion: 105.0.5195.52 (412c95e51883..., userDataDir: C:\Users\admin\AppData\Loca...}, goog:chromeOptions: {debuggerAddress: localhost:56324}, javascriptEnabled: true, networkConnectionEnabled: false, pageLoadStrategy: normal, platform: WINDOWS, platformName: WINDOWS, proxy: Proxy(), setWindowRect: true, strictFileInteractability: false, timeouts: {implicit: 0, pageLoad: 300000, script: 30000}, unhandledPromptBehavior: dismiss and notify, webauthn:extension:credBlob: true, webauthn:extension:largeBlob: true, webauthn:virtualAuthenticators: true}&#10;Session ID: d7ce481de5a286c24b2ea28d3048b7e8" type="org.openqa.selenium.NoSuchSessionException"><![CDATA[org.openqa.selenium.NoSuchSessionException: 
invalid session id
Build info: version: '3.141.59', revision: 'e82be7d358', time: '2018-11-14T08:17:03'
System info: host: 'DESKTOP-S8MO7BS', ip: '192.168.1.3', os.name: 'Windows 10', os.arch: 'amd64', os.version: '10.0', java.version: '17.0.2'
Driver info: org.openqa.selenium.chrome.ChromeDriver
Capabilities {acceptInsecureCerts: false, browserName: chrome, browserVersion: 106.0.5249.103, chrome: {chromedriverVersion: 105.0.5195.52 (412c95e51883..., userDataDir: C:\Users\admin\AppData\Loca...}, goog:chromeOptions: {debuggerAddress: localhost:56324}, javascriptEnabled: true, networkConnectionEnabled: false, pageLoadStrategy: normal, platform: WINDOWS, platformName: WINDOWS, proxy: Proxy(), setWindowRect: true, strictFileInteractability: false, timeouts: {implicit: 0, pageLoad: 300000, script: 30000}, unhandledPromptBehavior: dismiss and notify, webauthn:extension:credBlob: true, webauthn:extension:largeBlob: true, webauthn:virtualAuthenticators: true}
Session ID: d7ce481de5a286c24b2ea28d3048b7e8
	at com.vyasa.automation.maventesting.TestNGSample.verifyHomePageLoaded(TestNGSample.java:31)
]]></failure>
  </testcase>
  <testcase name="testMethod" classname="com.vyasa.automation.maventesting.TestNGAnnotations" time="0">
    <system-out><![CDATA[BeforeClassMethod
BeforeMethod1
TestMethod
]]></system-out>
  </testcase>
  <testcase name="verifyHomepageLodead" classname="com.vyasa.automation.maventesting.HomepageAutomation" time="0.036">
    <system-out><![CDATA[AfterMethod1
AfterClassMethod
]]></system-out>
    <system-err><![CDATA[Starting ChromeDriver 105.0.5195.52 (412c95e518836d8a7d97250d62b29c2ae6a26a85-refs/branch-heads/5195@{#853}) on port 41863
Only local connections are allowed.
Please see https://chromedriver.chromium.org/security-considerations for suggestions on keeping ChromeDriver safe.
ChromeDriver was started successfully.
[1665130374.271][WARNING]: This version of ChromeDriver has not been tested with Chrome version 106.
Oct 07, 2022 1:42:55 PM org.openqa.selenium.remote.ProtocolHandshake createSession
INFO: Detected dialect: W3C
]]></system-err>
  </testcase>
  <testcase name="verifyNewarrivalsIsDispled" classname="com.vyasa.automation.maventesting.HomepageAutomation" time="0.094">
    <system-out><![CDATA[true
]]></system-out>
  </testcase>
  <testcase name="homepageWithThreeSlider" classname="com.vyasa.automation.maventesting.HomepageAutomation" time="0.035">
    <system-out><![CDATA[3
]]></system-out>
  </testcase>
  <testcase name="homepageWithThreeArrivals" classname="com.vyasa.automation.maventesting.HomepageAutomation" time="0.02">
    <system-out><![CDATA[3
]]></system-out>
  </testcase>
  <testcase name="homepageWithThreeArrivalsNevigation" classname="com.vyasa.automation.maventesting.HomepageAutomation" time="9.717">
    <failure message="expected [Selenium Ruby] but found []" type="java.lang.AssertionError"><![CDATA[java.lang.AssertionError: expected [Selenium Ruby] but found []
	at com.vyasa.automation.maventesting.HomepageAutomation.homepageWithThreeArrivalsNevigation(HomepageAutomation.java:65)
]]></failure>
  </testcase>
  <testcase name="verifyUserLogon[succlogin, vyasainstitute2022@gmail.com, Vyasa@12345](1)" classname="com.vyasa.automation.maventesting.DataProviderDemo" time="3.532">
    <system-err><![CDATA[Starting ChromeDriver 105.0.5195.52 (412c95e518836d8a7d97250d62b29c2ae6a26a85-refs/branch-heads/5195@{#853}) on port 20063
Only local connections are allowed.
Please see https://chromedriver.chromium.org/security-considerations for suggestions on keeping ChromeDriver safe.
ChromeDriver was started successfully.
[1665130400.413][WARNING]: This version of ChromeDriver has not been tested with Chrome version 106.
Oct 07, 2022 1:43:20 PM org.openqa.selenium.remote.ProtocolHandshake createSession
INFO: Detected dialect: W3C
]]></system-err>
  </testcase>
</testsuite>